<?xml version="1.0" encoding="UTF-8"?>
<!-- Generated by org.testng.reporters.JUnitXMLReporter -->
<testsuite hostname="SL-SUMO-00133" ignored="0" name="Test" tests="3" failures="0" timestamp="07 Feb 2021 09:28:18 GMT" time="24.081" errors="0">
  <testcase name="baseUril" time="0.753" classname="Acaddemy.E2EProject.Homepage"/>
  <testcase name="baseUril" time="0.431" classname="Acaddemy.E2EProject.Homepage"/>
  <testcase name="baseUril" time="0.176" classname="Acaddemy.E2EProject.validaTile"/>
</testsuite> <!-- Test -->
